<?xml version="1.0" encoding="UTF-8"?>
<testng-results ignored="0" total="1" passed="1" failed="0" skipped="0">
  <reporter-output>
  </reporter-output>
  <suite started-at="2023-03-29T09:20:05 IST" name="Default suite" finished-at="2023-03-29T09:20:06 IST" duration-ms="452">
    <groups>
    </groups>
    <test started-at="2023-03-29T09:20:05 IST" name="Default test" finished-at="2023-03-29T09:20:06 IST" duration-ms="452">
      <class name="reqres.SerializationDeserialization.DeserializationTest">
        <test-method signature="deserialization()[pri:0, instance:reqres.SerializationDeserialization.DeserializationTest@193f604a]" started-at="2023-03-29T09:20:06 IST" name="deserialization" finished-at="2023-03-29T09:20:06 IST" duration-ms="374" status="PASS">
          <reporter-output>
          </reporter-output>
        </test-method> <!-- deserialization -->
      </class> <!-- reqres.SerializationDeserialization.DeserializationTest -->
    </test> <!-- Default test -->
  </suite> <!-- Default suite -->
</testng-results>
